<?xml version="1.0" encoding="UTF-8"?>
<testng-results ignored="0" total="1" passed="1" failed="0" skipped="0">
  <reporter-output>
  </reporter-output>
  <suite started-at="2022-11-11T18:58:36 MEZ" name="Command line suite" finished-at="2022-11-11T18:58:36 MEZ" duration-ms="50">
    <groups>
    </groups>
    <test started-at="2022-11-11T18:58:36 MEZ" name="Command line test" finished-at="2022-11-11T18:58:36 MEZ" duration-ms="50">
      <class name="UtilTest">
        <test-method signature="newEntry()[pri:0, instance:UtilTest@489115ef]" started-at="2022-11-11T18:58:36 MEZ" name="newEntry" finished-at="2022-11-11T18:58:36 MEZ" duration-ms="6" status="PASS">
          <reporter-output>
          </reporter-output>
        </test-method> <!-- newEntry -->
      </class> <!-- UtilTest -->
    </test> <!-- Command line test -->
  </suite> <!-- Command line suite -->
</testng-results>
