<?xml version="1.0" encoding="UTF-8"?>
<testng-results ignored="0" total="1" passed="1" failed="0" skipped="0">
  <reporter-output>
  </reporter-output>
  <suite started-at="2022-11-11T18:01:45 MEZ" name="MatchFinderTest" finished-at="2022-11-11T18:01:45 MEZ" duration-ms="49">
    <groups>
    </groups>
    <test started-at="2022-11-11T18:01:45 MEZ" name="Command line test" finished-at="2022-11-11T18:01:45 MEZ" duration-ms="49">
      <class name="MatchFinderTest">
        <test-method signature="testExampleString()[pri:0, instance:MatchFinderTest@175c2241]" started-at="2022-11-11T18:01:45 MEZ" name="testExampleString" finished-at="2022-11-11T18:01:45 MEZ" duration-ms="3" status="PASS">
          <reporter-output>
          </reporter-output>
        </test-method> <!-- testExampleString -->
      </class> <!-- MatchFinderTest -->
    </test> <!-- Command line test -->
  </suite> <!-- MatchFinderTest -->
</testng-results>
